[     595ms] [ERROR] Failed to load resource: the server responded with a status of 403 () @ https://dietly.pl/_next/static/media/0a86735c6520d94f-s.woff2:0
[     596ms] [ERROR] Failed to load resource: the server responded with a status of 403 () @ https://dietly.pl/_next/static/media/meal.dde2dbfd.png:0
[     649ms] [ERROR] Refused to apply style from 'https://dietly.pl/_next/static/css/eee90d66589c2f35.css' because its MIME type ('text/html') is not a supported stylesheet MIME type, and strict MIME checking is enabled. @ https://dietly.pl/catering-dietetyczny-firma/robinfood:0
[     649ms] [ERROR] Refused to apply style from 'https://dietly.pl/_next/static/css/a13204f3a94731ba.css' because its MIME type ('text/html') is not a supported stylesheet MIME type, and strict MIME checking is enabled. @ https://dietly.pl/catering-dietetyczny-firma/robinfood:0
[     649ms] [ERROR] Refused to apply style from 'https://dietly.pl/_next/static/css/59dd07b2e68b5f04.css' because its MIME type ('text/html') is not a supported stylesheet MIME type, and strict MIME checking is enabled. @ https://dietly.pl/catering-dietetyczny-firma/robinfood:0
[     649ms] [ERROR] Refused to apply style from 'https://dietly.pl/_next/static/css/e70d2a2d7a5ac581.css' because its MIME type ('text/html') is not a supported stylesheet MIME type, and strict MIME checking is enabled. @ https://dietly.pl/catering-dietetyczny-firma/robinfood:0
[     652ms] [ERROR] Failed to load resource: the server responded with a status of 403 () @ https://dietly.pl/_next/static/chunks/3655.61929bf9337356b2.js:0
[     652ms] [ERROR] Refused to execute script from 'https://dietly.pl/_next/static/chunks/3655.61929bf9337356b2.js' because its MIME type ('text/html') is not executable, and strict MIME type checking is enabled. @ https://dietly.pl/catering-dietetyczny-firma/robinfood:0
[     652ms] [ERROR] Failed to load resource: the server responded with a status of 403 () @ https://dietly.pl/_next/static/chunks/8629-6fe5c9d5f035dd85.js:0
[     652ms] [ERROR] Refused to execute script from 'https://dietly.pl/_next/static/chunks/8629-6fe5c9d5f035dd85.js' because its MIME type ('text/html') is not executable, and strict MIME type checking is enabled. @ https://dietly.pl/catering-dietetyczny-firma/robinfood:0
[     652ms] [ERROR] Failed to load resource: the server responded with a status of 403 () @ https://dietly.pl/_next/static/chunks/3378.313a97b4a527e29a.js:0
[     652ms] [ERROR] Refused to execute script from 'https://dietly.pl/_next/static/chunks/3378.313a97b4a527e29a.js' because its MIME type ('text/html') is not executable, and strict MIME type checking is enabled. @ https://dietly.pl/catering-dietetyczny-firma/robinfood:0
[     652ms] [ERROR] Failed to load resource: the server responded with a status of 403 () @ https://dietly.pl/_next/static/chunks/7189.cb781ebfd7f2346e.js:0
[     652ms] [ERROR] Refused to execute script from 'https://dietly.pl/_next/static/chunks/7189.cb781ebfd7f2346e.js' because its MIME type ('text/html') is not executable, and strict MIME type checking is enabled. @ https://dietly.pl/catering-dietetyczny-firma/robinfood:0
[     652ms] [ERROR] Failed to load resource: the server responded with a status of 403 () @ https://dietly.pl/_next/static/chunks/8086.d6fb0e90032b1a47.js:0
[     652ms] [ERROR] Refused to execute script from 'https://dietly.pl/_next/static/chunks/8086.d6fb0e90032b1a47.js' because its MIME type ('text/html') is not executable, and strict MIME type checking is enabled. @ https://dietly.pl/catering-dietetyczny-firma/robinfood:0
[     652ms] [ERROR] Failed to load resource: the server responded with a status of 403 () @ https://dietly.pl/_next/static/chunks/4042.3b423d21a8923b02.js:0
[     653ms] [ERROR] Refused to execute script from 'https://dietly.pl/_next/static/chunks/4042.3b423d21a8923b02.js' because its MIME type ('text/html') is not executable, and strict MIME type checking is enabled. @ https://dietly.pl/catering-dietetyczny-firma/robinfood:0
[     653ms] [ERROR] Failed to load resource: the server responded with a status of 403 () @ https://dietly.pl/_next/static/chunks/6713.3559f1fb67798012.js:0
[     653ms] [ERROR] Refused to execute script from 'https://dietly.pl/_next/static/chunks/6713.3559f1fb67798012.js' because its MIME type ('text/html') is not executable, and strict MIME type checking is enabled. @ https://dietly.pl/catering-dietetyczny-firma/robinfood:0
[     653ms] [ERROR] Failed to load resource: the server responded with a status of 403 () @ https://dietly.pl/_next/static/chunks/9955.068dee24840e29da.js:0
[     653ms] [ERROR] Refused to execute script from 'https://dietly.pl/_next/static/chunks/9955.068dee24840e29da.js' because its MIME type ('text/html') is not executable, and strict MIME type checking is enabled. @ https://dietly.pl/catering-dietetyczny-firma/robinfood:0
[     653ms] [ERROR] Failed to load resource: the server responded with a status of 403 () @ https://dietly.pl/_next/static/chunks/9212.26fd28afb9f7da8e.js:0
[     653ms] [ERROR] Refused to execute script from 'https://dietly.pl/_next/static/chunks/9212.26fd28afb9f7da8e.js' because its MIME type ('text/html') is not executable, and strict MIME type checking is enabled. @ https://dietly.pl/catering-dietetyczny-firma/robinfood:0
[     653ms] [ERROR] Failed to load resource: the server responded with a status of 403 () @ https://dietly.pl/_next/static/chunks/285.7c90c006439a6f73.js:0
[     653ms] [ERROR] Refused to execute script from 'https://dietly.pl/_next/static/chunks/285.7c90c006439a6f73.js' because its MIME type ('text/html') is not executable, and strict MIME type checking is enabled. @ https://dietly.pl/catering-dietetyczny-firma/robinfood:0
[     653ms] [ERROR] Failed to load resource: the server responded with a status of 403 () @ https://dietly.pl/_next/static/chunks/8445.b6b785bc99d457d3.js:0
[     653ms] [ERROR] Refused to execute script from 'https://dietly.pl/_next/static/chunks/8445.b6b785bc99d457d3.js' because its MIME type ('text/html') is not executable, and strict MIME type checking is enabled. @ https://dietly.pl/catering-dietetyczny-firma/robinfood:0
[     653ms] [ERROR] Failed to load resource: the server responded with a status of 403 () @ https://dietly.pl/build-info.json:0
[     653ms] [ERROR] Failed to load resource: the server responded with a status of 403 () @ https://dietly.pl/api/open/search/top-search?companiesSize=0&citiesSize=1:0
[     655ms] Error: Loading CSS chunk 5092 failed.
(https://dietly.pl/_next/static/css/eee90d66589c2f35.css)
    at f.onerror.f.onload (https://dietly.pl/_next/static/chunks/webpack-4707eeee0796803f.js:1:10432)
[     654ms] [WARNING] ⚠️  Could not load build info: SyntaxError: Unexpected token '<', "<!DOCTYPE "... is not valid JSON @ https://dietly.pl/_next/static/chunks/pages/_app-6bc29bed3e6656c4.js:838
[     654ms] [LOG] Failed to fetch city data. Error message: SyntaxError: Unexpected token '<', "<!DOCTYPE "... is not valid JSON @ https://dietly.pl/_next/static/chunks/pages/_app-6bc29bed3e6656c4.js:806
[     661ms] [ERROR] Failed to load resource: the server responded with a status of 403 () @ https://dietly.pl/api/open/feature-flags:0
[     661ms] [ERROR] Failed to load resource: the server responded with a status of 403 () @ https://dietly.pl/api/profile:0
[     663ms] [ERROR] Failed to load resource: the server responded with a status of 403 () @ https://dietly.pl/api/open/campaign-settings/active-campaign:0
[     663ms] [ERROR] Failed to load resource: the server responded with a status of 403 () @ https://dietly.pl/api/dietly/open/form-settings:0
[     663ms] [ERROR] Failed to load resource: the server responded with a status of 403 () @ https://dietly.pl/api/open/diet-tag-info/all:0
[     663ms] [ERROR] Failed to load resource: the server responded with a status of 403 () @ https://dietly.pl/api/dietly/open/company-card/robinfood/feedback?pageSize=10&sort=DATE:0
[     663ms] [ERROR] Failed to load resource: the server responded with a status of 403 () @ https://dietly.pl/build-info.json:0
[     665ms] [WARNING] ⚠️  Could not load build info: SyntaxError: Unexpected token '<', "<!DOCTYPE "... is not valid JSON @ https://dietly.pl/_next/static/chunks/pages/_app-6bc29bed3e6656c4.js:838
[     675ms] [ERROR] Failed to load resource: the server responded with a status of 403 () @ https://dietly.pl/api/profile:0
[     675ms] [WARNING] Failed to get profile. Error message:  SyntaxError: Unexpected token '<', "<!DOCTYPE "... is not valid JSON @ https://dietly.pl/_next/static/chunks/pages/_app-6bc29bed3e6656c4.js:833
[     691ms] [ERROR] Failed to load resource: the server responded with a status of 403 () @ https://dietly.pl/api/open/shopping-cart/restore:0
[     691ms] [WARNING] Failed to restore guest shopping cart. Error message:  SyntaxError: Unexpected token '<', "<!DOCTYPE "... is not valid JSON @ https://dietly.pl/_next/static/chunks/pages/_app-6bc29bed3e6656c4.js:819
[     692ms] [WARNING] Failed to fetch profile for statsig CSR @ https://dietly.pl/_next/static/chunks/pages/_app-6bc29bed3e6656c4.js:811
[     767ms] [ERROR] Failed to load resource: the server responded with a status of 403 () @ https://dietly.pl/dietly-loader.gif:0
[     769ms] [ERROR] Failed to load resource: the server responded with a status of 403 () @ https://dietly.pl/_next/static/chunks/7745-1d1342003ecea8ec.js:0
[     771ms] [ERROR] Failed to load resource: the server responded with a status of 403 () @ https://dietly.pl/_next/static/chunks/pages/index-9024997b6409e788.js:0
[     771ms] [ERROR] Failed to load resource: the server responded with a status of 403 () @ https://dietly.pl/_next/static/chunks/6933-767f8a2ced9a5a9a.js:0
[     772ms] [ERROR] Failed to load resource: the server responded with a status of 403 () @ https://dietly.pl/_next/static/chunks/5565-762f377786c30964.js:0
[     772ms] [ERROR] Failed to load resource: the server responded with a status of 403 () @ https://dietly.pl/_next/static/chunks/pages/catering-dietetyczny/%5BcitySanitizedName%5D/%5BlistingPageNumber%5D-a3c353ab224fecdb.js:0
[    1075ms] [ERROR] Failed to load resource: the server responded with a status of 403 () @ https://dietly.pl/favicon.ico:0
